<?xml version="1.0" encoding="UTF-8"?>
<testsuite xmlns:xsi="http://www.w3.org/2001/XMLSchema-instance" xsi:noNamespaceSchemaLocation="https://maven.apache.org/surefire/maven-surefire-plugin/xsd/surefire-test-report-3.0.xsd" version="3.0" name="co.com.neoris.accounts.AccountAdapterTest" time="7.098" tests="4" errors="0" skipped="0" failures="0">
  <properties>
    <property name="java.specification.version" value="17"/>
    <property name="sun.cpu.isalist" value="amd64"/>
    <property name="sun.jnu.encoding" value="Cp1252"/>
    <property name="java.class.path" value="C:\Users\nfcespedes\Documents\NASJWHER\neoris-tecnical-test\account-manager-parent\infra\persistence\db-manager-model\target\test-classes;C:\Users\nfcespedes\Documents\NASJWHER\neoris-tecnical-test\account-manager-parent\infra\persistence\db-manager-model\target\classes;C:\maven\apache-maven-3.9.4\.m2\repository\org\mapstruct\mapstruct\1.4.2.Final\mapstruct-1.4.2.Final.jar;C:\Users\nfcespedes\Documents\NASJWHER\neoris-tecnical-test\account-manager-parent\domain-manager\target\domain-manager-1.0.0.jar;C:\maven\apache-maven-3.9.4\.m2\repository\org\projectlombok\lombok\1.18.28\lombok-1.18.28.jar;C:\maven\apache-maven-3.9.4\.m2\repository\com\fasterxml\jackson\core\jackson-core\2.15.2\jackson-core-2.15.2.jar;C:\maven\apache-maven-3.9.4\.m2\repository\com\fasterxml\jackson\core\jackson-databind\2.15.2\jackson-databind-2.15.2.jar;C:\maven\apache-maven-3.9.4\.m2\repository\com\fasterxml\jackson\core\jackson-annotations\2.15.2\jackson-annotations-2.15.2.jar;C:\maven\apache-maven-3.9.4\.m2\repository\org\mapstruct\mapstruct-processor\1.4.2.Final\mapstruct-processor-1.4.2.Final.jar;C:\maven\apache-maven-3.9.4\.m2\repository\javax\persistence\persistence-api\1.0.2\persistence-api-1.0.2.jar;C:\maven\apache-maven-3.9.4\.m2\repository\org\postgresql\postgresql\42.2.24\postgresql-42.2.24.jar;C:\maven\apache-maven-3.9.4\.m2\repository\org\checkerframework\checker-qual\3.5.0\checker-qual-3.5.0.jar;C:\maven\apache-maven-3.9.4\.m2\repository\com\h2database\h2\2.1.214\h2-2.1.214.jar;C:\maven\apache-maven-3.9.4\.m2\repository\junit\junit\4.13.1\junit-4.13.1.jar;C:\maven\apache-maven-3.9.4\.m2\repository\org\hamcrest\hamcrest-core\2.2\hamcrest-core-2.2.jar;C:\maven\apache-maven-3.9.4\.m2\repository\org\springframework\boot\spring-boot-starter-data-jpa\3.1.3\spring-boot-starter-data-jpa-3.1.3.jar;C:\maven\apache-maven-3.9.4\.m2\repository\org\springframework\boot\spring-boot-starter-aop\3.1.3\spring-boot-starter-aop-3.1.3.jar;C:\maven\apache-maven-3.9.4\.m2\repository\org\springframework\spring-aop\6.0.11\spring-aop-6.0.11.jar;C:\maven\apache-maven-3.9.4\.m2\repository\org\aspectj\aspectjweaver\1.9.20\aspectjweaver-1.9.20.jar;C:\maven\apache-maven-3.9.4\.m2\repository\org\springframework\boot\spring-boot-starter-jdbc\3.1.3\spring-boot-starter-jdbc-3.1.3.jar;C:\maven\apache-maven-3.9.4\.m2\repository\com\zaxxer\HikariCP\5.0.1\HikariCP-5.0.1.jar;C:\maven\apache-maven-3.9.4\.m2\repository\org\springframework\spring-jdbc\6.0.11\spring-jdbc-6.0.11.jar;C:\maven\apache-maven-3.9.4\.m2\repository\org\hibernate\orm\hibernate-core\6.2.7.Final\hibernate-core-6.2.7.Final.jar;C:\maven\apache-maven-3.9.4\.m2\repository\jakarta\persistence\jakarta.persistence-api\3.1.0\jakarta.persistence-api-3.1.0.jar;C:\maven\apache-maven-3.9.4\.m2\repository\jakarta\transaction\jakarta.transaction-api\2.0.1\jakarta.transaction-api-2.0.1.jar;C:\maven\apache-maven-3.9.4\.m2\repository\org\jboss\logging\jboss-logging\3.5.3.Final\jboss-logging-3.5.3.Final.jar;C:\maven\apache-maven-3.9.4\.m2\repository\org\hibernate\common\hibernate-commons-annotations\6.0.6.Final\hibernate-commons-annotations-6.0.6.Final.jar;C:\maven\apache-maven-3.9.4\.m2\repository\io\smallrye\jandex\3.0.5\jandex-3.0.5.jar;C:\maven\apache-maven-3.9.4\.m2\repository\com\fasterxml\classmate\1.5.1\classmate-1.5.1.jar;C:\maven\apache-maven-3.9.4\.m2\repository\net\bytebuddy\byte-buddy\1.14.6\byte-buddy-1.14.6.jar;C:\maven\apache-maven-3.9.4\.m2\repository\org\glassfish\jaxb\jaxb-runtime\4.0.3\jaxb-runtime-4.0.3.jar;C:\maven\apache-maven-3.9.4\.m2\repository\org\glassfish\jaxb\jaxb-core\4.0.3\jaxb-core-4.0.3.jar;C:\maven\apache-maven-3.9.4\.m2\repository\org\eclipse\angus\angus-activation\2.0.1\angus-activation-2.0.1.jar;C:\maven\apache-maven-3.9.4\.m2\repository\org\glassfish\jaxb\txw2\4.0.3\txw2-4.0.3.jar;C:\maven\apache-maven-3.9.4\.m2\repository\com\sun\istack\istack-commons-runtime\4.1.2\istack-commons-runtime-4.1.2.jar;C:\maven\apache-maven-3.9.4\.m2\repository\jakarta\inject\jakarta.inject-api\2.0.1\jakarta.inject-api-2.0.1.jar;C:\maven\apache-maven-3.9.4\.m2\repository\org\antlr\antlr4-runtime\4.10.1\antlr4-runtime-4.10.1.jar;C:\maven\apache-maven-3.9.4\.m2\repository\org\springframework\data\spring-data-jpa\3.1.3\spring-data-jpa-3.1.3.jar;C:\maven\apache-maven-3.9.4\.m2\repository\org\springframework\data\spring-data-commons\3.1.3\spring-data-commons-3.1.3.jar;C:\maven\apache-maven-3.9.4\.m2\repository\org\springframework\spring-orm\6.0.11\spring-orm-6.0.11.jar;C:\maven\apache-maven-3.9.4\.m2\repository\org\springframework\spring-context\6.0.11\spring-context-6.0.11.jar;C:\maven\apache-maven-3.9.4\.m2\repository\org\springframework\spring-expression\6.0.11\spring-expression-6.0.11.jar;C:\maven\apache-maven-3.9.4\.m2\repository\org\springframework\spring-tx\6.0.11\spring-tx-6.0.11.jar;C:\maven\apache-maven-3.9.4\.m2\repository\org\springframework\spring-beans\6.0.11\spring-beans-6.0.11.jar;C:\maven\apache-maven-3.9.4\.m2\repository\jakarta\annotation\jakarta.annotation-api\2.1.1\jakarta.annotation-api-2.1.1.jar;C:\maven\apache-maven-3.9.4\.m2\repository\org\slf4j\slf4j-api\2.0.7\slf4j-api-2.0.7.jar;C:\maven\apache-maven-3.9.4\.m2\repository\org\springframework\spring-aspects\6.0.11\spring-aspects-6.0.11.jar;C:\maven\apache-maven-3.9.4\.m2\repository\org\springframework\boot\spring-boot-configuration-processor\3.1.3\spring-boot-configuration-processor-3.1.3.jar;C:\maven\apache-maven-3.9.4\.m2\repository\org\springframework\boot\spring-boot-starter-test\3.1.3\spring-boot-starter-test-3.1.3.jar;C:\maven\apache-maven-3.9.4\.m2\repository\org\springframework\boot\spring-boot-starter\3.1.3\spring-boot-starter-3.1.3.jar;C:\maven\apache-maven-3.9.4\.m2\repository\org\springframework\boot\spring-boot\3.1.3\spring-boot-3.1.3.jar;C:\maven\apache-maven-3.9.4\.m2\repository\org\springframework\boot\spring-boot-autoconfigure\3.1.3\spring-boot-autoconfigure-3.1.3.jar;C:\maven\apache-maven-3.9.4\.m2\repository\org\springframework\boot\spring-boot-starter-logging\3.1.3\spring-boot-starter-logging-3.1.3.jar;C:\maven\apache-maven-3.9.4\.m2\repository\ch\qos\logback\logback-classic\1.4.11\logback-classic-1.4.11.jar;C:\maven\apache-maven-3.9.4\.m2\repository\ch\qos\logback\logback-core\1.4.11\logback-core-1.4.11.jar;C:\maven\apache-maven-3.9.4\.m2\repository\org\apache\logging\log4j\log4j-to-slf4j\2.20.0\log4j-to-slf4j-2.20.0.jar;C:\maven\apache-maven-3.9.4\.m2\repository\org\apache\logging\log4j\log4j-api\2.20.0\log4j-api-2.20.0.jar;C:\maven\apache-maven-3.9.4\.m2\repository\org\slf4j\jul-to-slf4j\2.0.7\jul-to-slf4j-2.0.7.jar;C:\maven\apache-maven-3.9.4\.m2\repository\org\yaml\snakeyaml\1.33\snakeyaml-1.33.jar;C:\maven\apache-maven-3.9.4\.m2\repository\org\springframework\boot\spring-boot-test\3.1.3\spring-boot-test-3.1.3.jar;C:\maven\apache-maven-3.9.4\.m2\repository\org\springframework\boot\spring-boot-test-autoconfigure\3.1.3\spring-boot-test-autoconfigure-3.1.3.jar;C:\maven\apache-maven-3.9.4\.m2\repository\com\jayway\jsonpath\json-path\2.8.0\json-path-2.8.0.jar;C:\maven\apache-maven-3.9.4\.m2\repository\jakarta\xml\bind\jakarta.xml.bind-api\4.0.0\jakarta.xml.bind-api-4.0.0.jar;C:\maven\apache-maven-3.9.4\.m2\repository\jakarta\activation\jakarta.activation-api\2.1.2\jakarta.activation-api-2.1.2.jar;C:\maven\apache-maven-3.9.4\.m2\repository\net\minidev\json-smart\2.4.11\json-smart-2.4.11.jar;C:\maven\apache-maven-3.9.4\.m2\repository\net\minidev\accessors-smart\2.4.11\accessors-smart-2.4.11.jar;C:\maven\apache-maven-3.9.4\.m2\repository\org\ow2\asm\asm\9.3\asm-9.3.jar;C:\maven\apache-maven-3.9.4\.m2\repository\org\assertj\assertj-core\3.24.2\assertj-core-3.24.2.jar;C:\maven\apache-maven-3.9.4\.m2\repository\org\hamcrest\hamcrest\2.2\hamcrest-2.2.jar;C:\maven\apache-maven-3.9.4\.m2\repository\org\junit\jupiter\junit-jupiter\5.9.3\junit-jupiter-5.9.3.jar;C:\maven\apache-maven-3.9.4\.m2\repository\org\junit\jupiter\junit-jupiter-api\5.9.3\junit-jupiter-api-5.9.3.jar;C:\maven\apache-maven-3.9.4\.m2\repository\org\opentest4j\opentest4j\1.2.0\opentest4j-1.2.0.jar;C:\maven\apache-maven-3.9.4\.m2\repository\org\junit\platform\junit-platform-commons\1.9.3\junit-platform-commons-1.9.3.jar;C:\maven\apache-maven-3.9.4\.m2\repository\org\apiguardian\apiguardian-api\1.1.2\apiguardian-api-1.1.2.jar;C:\maven\apache-maven-3.9.4\.m2\repository\org\junit\jupiter\junit-jupiter-params\5.9.3\junit-jupiter-params-5.9.3.jar;C:\maven\apache-maven-3.9.4\.m2\repository\org\junit\jupiter\junit-jupiter-engine\5.9.3\junit-jupiter-engine-5.9.3.jar;C:\maven\apache-maven-3.9.4\.m2\repository\org\junit\platform\junit-platform-engine\1.9.3\junit-platform-engine-1.9.3.jar;C:\maven\apache-maven-3.9.4\.m2\repository\org\mockito\mockito-core\5.3.1\mockito-core-5.3.1.jar;C:\maven\apache-maven-3.9.4\.m2\repository\net\bytebuddy\byte-buddy-agent\1.14.6\byte-buddy-agent-1.14.6.jar;C:\maven\apache-maven-3.9.4\.m2\repository\org\objenesis\objenesis\3.3\objenesis-3.3.jar;C:\maven\apache-maven-3.9.4\.m2\repository\org\mockito\mockito-junit-jupiter\5.3.1\mockito-junit-jupiter-5.3.1.jar;C:\maven\apache-maven-3.9.4\.m2\repository\org\skyscreamer\jsonassert\1.5.1\jsonassert-1.5.1.jar;C:\maven\apache-maven-3.9.4\.m2\repository\com\vaadin\external\google\android-json\0.0.20131108.vaadin1\android-json-0.0.20131108.vaadin1.jar;C:\maven\apache-maven-3.9.4\.m2\repository\org\springframework\spring-core\6.0.11\spring-core-6.0.11.jar;C:\maven\apache-maven-3.9.4\.m2\repository\org\springframework\spring-jcl\6.0.11\spring-jcl-6.0.11.jar;C:\maven\apache-maven-3.9.4\.m2\repository\org\springframework\spring-test\6.0.11\spring-test-6.0.11.jar;C:\maven\apache-maven-3.9.4\.m2\repository\org\xmlunit\xmlunit-core\2.9.1\xmlunit-core-2.9.1.jar;C:\maven\apache-maven-3.9.4\.m2\repository\org\springframework\boot\spring-boot-starter-data-rest\3.1.3\spring-boot-starter-data-rest-3.1.3.jar;C:\maven\apache-maven-3.9.4\.m2\repository\org\springframework\boot\spring-boot-starter-web\3.1.3\spring-boot-starter-web-3.1.3.jar;C:\maven\apache-maven-3.9.4\.m2\repository\org\springframework\boot\spring-boot-starter-json\3.1.3\spring-boot-starter-json-3.1.3.jar;C:\maven\apache-maven-3.9.4\.m2\repository\com\fasterxml\jackson\datatype\jackson-datatype-jdk8\2.15.2\jackson-datatype-jdk8-2.15.2.jar;C:\maven\apache-maven-3.9.4\.m2\repository\com\fasterxml\jackson\datatype\jackson-datatype-jsr310\2.15.2\jackson-datatype-jsr310-2.15.2.jar;C:\maven\apache-maven-3.9.4\.m2\repository\com\fasterxml\jackson\module\jackson-module-parameter-names\2.15.2\jackson-module-parameter-names-2.15.2.jar;C:\maven\apache-maven-3.9.4\.m2\repository\org\springframework\boot\spring-boot-starter-tomcat\3.1.3\spring-boot-starter-tomcat-3.1.3.jar;C:\maven\apache-maven-3.9.4\.m2\repository\org\apache\tomcat\embed\tomcat-embed-core\10.1.12\tomcat-embed-core-10.1.12.jar;C:\maven\apache-maven-3.9.4\.m2\repository\org\apache\tomcat\embed\tomcat-embed-el\10.1.12\tomcat-embed-el-10.1.12.jar;C:\maven\apache-maven-3.9.4\.m2\repository\org\apache\tomcat\embed\tomcat-embed-websocket\10.1.12\tomcat-embed-websocket-10.1.12.jar;C:\maven\apache-maven-3.9.4\.m2\repository\org\springframework\spring-web\6.0.11\spring-web-6.0.11.jar;C:\maven\apache-maven-3.9.4\.m2\repository\io\micrometer\micrometer-observation\1.11.3\micrometer-observation-1.11.3.jar;C:\maven\apache-maven-3.9.4\.m2\repository\io\micrometer\micrometer-commons\1.11.3\micrometer-commons-1.11.3.jar;C:\maven\apache-maven-3.9.4\.m2\repository\org\springframework\spring-webmvc\6.0.11\spring-webmvc-6.0.11.jar;C:\maven\apache-maven-3.9.4\.m2\repository\org\springframework\data\spring-data-rest-webmvc\4.1.3\spring-data-rest-webmvc-4.1.3.jar;C:\maven\apache-maven-3.9.4\.m2\repository\org\springframework\data\spring-data-rest-core\4.1.3\spring-data-rest-core-4.1.3.jar;C:\maven\apache-maven-3.9.4\.m2\repository\org\springframework\hateoas\spring-hateoas\2.1.2\spring-hateoas-2.1.2.jar;C:\maven\apache-maven-3.9.4\.m2\repository\org\springframework\plugin\spring-plugin-core\3.0.0\spring-plugin-core-3.0.0.jar;C:\maven\apache-maven-3.9.4\.m2\repository\org\atteo\evo-inflector\1.3\evo-inflector-1.3.jar;"/>
    <property name="java.vm.vendor" value="OpenLogic"/>
    <property name="sun.arch.data.model" value="64"/>
    <property name="user.variant" value=""/>
    <property name="java.vendor.url" value="https://openlogic.com/"/>
    <property name="user.timezone" value="Europe/Madrid"/>
    <property name="org.jboss.logging.provider" value="slf4j"/>
    <property name="os.name" value="Windows 11"/>
    <property name="java.vm.specification.version" value="17"/>
    <property name="sun.java.launcher" value="SUN_STANDARD"/>
    <property name="user.country" value="ES"/>
    <property name="sun.boot.library.path" value="C:\java17\bin"/>
    <property name="sun.java.command" value="C:\Users\nfcespedes\AppData\Local\Temp\surefire5791276896542725699\surefirebooter-20230905131345946_3.jar C:\Users\nfcespedes\AppData\Local\Temp\surefire5791276896542725699 2023-09-05T13-13-34_014-jvmRun1 surefire-20230905131345946_1tmp surefire_0-20230905131345946_2tmp"/>
    <property name="jdk.debug" value="release"/>
    <property name="surefire.test.class.path" value="C:\Users\nfcespedes\Documents\NASJWHER\neoris-tecnical-test\account-manager-parent\infra\persistence\db-manager-model\target\test-classes;C:\Users\nfcespedes\Documents\NASJWHER\neoris-tecnical-test\account-manager-parent\infra\persistence\db-manager-model\target\classes;C:\maven\apache-maven-3.9.4\.m2\repository\org\mapstruct\mapstruct\1.4.2.Final\mapstruct-1.4.2.Final.jar;C:\Users\nfcespedes\Documents\NASJWHER\neoris-tecnical-test\account-manager-parent\domain-manager\target\domain-manager-1.0.0.jar;C:\maven\apache-maven-3.9.4\.m2\repository\org\projectlombok\lombok\1.18.28\lombok-1.18.28.jar;C:\maven\apache-maven-3.9.4\.m2\repository\com\fasterxml\jackson\core\jackson-core\2.15.2\jackson-core-2.15.2.jar;C:\maven\apache-maven-3.9.4\.m2\repository\com\fasterxml\jackson\core\jackson-databind\2.15.2\jackson-databind-2.15.2.jar;C:\maven\apache-maven-3.9.4\.m2\repository\com\fasterxml\jackson\core\jackson-annotations\2.15.2\jackson-annotations-2.15.2.jar;C:\maven\apache-maven-3.9.4\.m2\repository\org\mapstruct\mapstruct-processor\1.4.2.Final\mapstruct-processor-1.4.2.Final.jar;C:\maven\apache-maven-3.9.4\.m2\repository\javax\persistence\persistence-api\1.0.2\persistence-api-1.0.2.jar;C:\maven\apache-maven-3.9.4\.m2\repository\org\postgresql\postgresql\42.2.24\postgresql-42.2.24.jar;C:\maven\apache-maven-3.9.4\.m2\repository\org\checkerframework\checker-qual\3.5.0\checker-qual-3.5.0.jar;C:\maven\apache-maven-3.9.4\.m2\repository\com\h2database\h2\2.1.214\h2-2.1.214.jar;C:\maven\apache-maven-3.9.4\.m2\repository\junit\junit\4.13.1\junit-4.13.1.jar;C:\maven\apache-maven-3.9.4\.m2\repository\org\hamcrest\hamcrest-core\2.2\hamcrest-core-2.2.jar;C:\maven\apache-maven-3.9.4\.m2\repository\org\springframework\boot\spring-boot-starter-data-jpa\3.1.3\spring-boot-starter-data-jpa-3.1.3.jar;C:\maven\apache-maven-3.9.4\.m2\repository\org\springframework\boot\spring-boot-starter-aop\3.1.3\spring-boot-starter-aop-3.1.3.jar;C:\maven\apache-maven-3.9.4\.m2\repository\org\springframework\spring-aop\6.0.11\spring-aop-6.0.11.jar;C:\maven\apache-maven-3.9.4\.m2\repository\org\aspectj\aspectjweaver\1.9.20\aspectjweaver-1.9.20.jar;C:\maven\apache-maven-3.9.4\.m2\repository\org\springframework\boot\spring-boot-starter-jdbc\3.1.3\spring-boot-starter-jdbc-3.1.3.jar;C:\maven\apache-maven-3.9.4\.m2\repository\com\zaxxer\HikariCP\5.0.1\HikariCP-5.0.1.jar;C:\maven\apache-maven-3.9.4\.m2\repository\org\springframework\spring-jdbc\6.0.11\spring-jdbc-6.0.11.jar;C:\maven\apache-maven-3.9.4\.m2\repository\org\hibernate\orm\hibernate-core\6.2.7.Final\hibernate-core-6.2.7.Final.jar;C:\maven\apache-maven-3.9.4\.m2\repository\jakarta\persistence\jakarta.persistence-api\3.1.0\jakarta.persistence-api-3.1.0.jar;C:\maven\apache-maven-3.9.4\.m2\repository\jakarta\transaction\jakarta.transaction-api\2.0.1\jakarta.transaction-api-2.0.1.jar;C:\maven\apache-maven-3.9.4\.m2\repository\org\jboss\logging\jboss-logging\3.5.3.Final\jboss-logging-3.5.3.Final.jar;C:\maven\apache-maven-3.9.4\.m2\repository\org\hibernate\common\hibernate-commons-annotations\6.0.6.Final\hibernate-commons-annotations-6.0.6.Final.jar;C:\maven\apache-maven-3.9.4\.m2\repository\io\smallrye\jandex\3.0.5\jandex-3.0.5.jar;C:\maven\apache-maven-3.9.4\.m2\repository\com\fasterxml\classmate\1.5.1\classmate-1.5.1.jar;C:\maven\apache-maven-3.9.4\.m2\repository\net\bytebuddy\byte-buddy\1.14.6\byte-buddy-1.14.6.jar;C:\maven\apache-maven-3.9.4\.m2\repository\org\glassfish\jaxb\jaxb-runtime\4.0.3\jaxb-runtime-4.0.3.jar;C:\maven\apache-maven-3.9.4\.m2\repository\org\glassfish\jaxb\jaxb-core\4.0.3\jaxb-core-4.0.3.jar;C:\maven\apache-maven-3.9.4\.m2\repository\org\eclipse\angus\angus-activation\2.0.1\angus-activation-2.0.1.jar;C:\maven\apache-maven-3.9.4\.m2\repository\org\glassfish\jaxb\txw2\4.0.3\txw2-4.0.3.jar;C:\maven\apache-maven-3.9.4\.m2\repository\com\sun\istack\istack-commons-runtime\4.1.2\istack-commons-runtime-4.1.2.jar;C:\maven\apache-maven-3.9.4\.m2\repository\jakarta\inject\jakarta.inject-api\2.0.1\jakarta.inject-api-2.0.1.jar;C:\maven\apache-maven-3.9.4\.m2\repository\org\antlr\antlr4-runtime\4.10.1\antlr4-runtime-4.10.1.jar;C:\maven\apache-maven-3.9.4\.m2\repository\org\springframework\data\spring-data-jpa\3.1.3\spring-data-jpa-3.1.3.jar;C:\maven\apache-maven-3.9.4\.m2\repository\org\springframework\data\spring-data-commons\3.1.3\spring-data-commons-3.1.3.jar;C:\maven\apache-maven-3.9.4\.m2\repository\org\springframework\spring-orm\6.0.11\spring-orm-6.0.11.jar;C:\maven\apache-maven-3.9.4\.m2\repository\org\springframework\spring-context\6.0.11\spring-context-6.0.11.jar;C:\maven\apache-maven-3.9.4\.m2\repository\org\springframework\spring-expression\6.0.11\spring-expression-6.0.11.jar;C:\maven\apache-maven-3.9.4\.m2\repository\org\springframework\spring-tx\6.0.11\spring-tx-6.0.11.jar;C:\maven\apache-maven-3.9.4\.m2\repository\org\springframework\spring-beans\6.0.11\spring-beans-6.0.11.jar;C:\maven\apache-maven-3.9.4\.m2\repository\jakarta\annotation\jakarta.annotation-api\2.1.1\jakarta.annotation-api-2.1.1.jar;C:\maven\apache-maven-3.9.4\.m2\repository\org\slf4j\slf4j-api\2.0.7\slf4j-api-2.0.7.jar;C:\maven\apache-maven-3.9.4\.m2\repository\org\springframework\spring-aspects\6.0.11\spring-aspects-6.0.11.jar;C:\maven\apache-maven-3.9.4\.m2\repository\org\springframework\boot\spring-boot-configuration-processor\3.1.3\spring-boot-configuration-processor-3.1.3.jar;C:\maven\apache-maven-3.9.4\.m2\repository\org\springframework\boot\spring-boot-starter-test\3.1.3\spring-boot-starter-test-3.1.3.jar;C:\maven\apache-maven-3.9.4\.m2\repository\org\springframework\boot\spring-boot-starter\3.1.3\spring-boot-starter-3.1.3.jar;C:\maven\apache-maven-3.9.4\.m2\repository\org\springframework\boot\spring-boot\3.1.3\spring-boot-3.1.3.jar;C:\maven\apache-maven-3.9.4\.m2\repository\org\springframework\boot\spring-boot-autoconfigure\3.1.3\spring-boot-autoconfigure-3.1.3.jar;C:\maven\apache-maven-3.9.4\.m2\repository\org\springframework\boot\spring-boot-starter-logging\3.1.3\spring-boot-starter-logging-3.1.3.jar;C:\maven\apache-maven-3.9.4\.m2\repository\ch\qos\logback\logback-classic\1.4.11\logback-classic-1.4.11.jar;C:\maven\apache-maven-3.9.4\.m2\repository\ch\qos\logback\logback-core\1.4.11\logback-core-1.4.11.jar;C:\maven\apache-maven-3.9.4\.m2\repository\org\apache\logging\log4j\log4j-to-slf4j\2.20.0\log4j-to-slf4j-2.20.0.jar;C:\maven\apache-maven-3.9.4\.m2\repository\org\apache\logging\log4j\log4j-api\2.20.0\log4j-api-2.20.0.jar;C:\maven\apache-maven-3.9.4\.m2\repository\org\slf4j\jul-to-slf4j\2.0.7\jul-to-slf4j-2.0.7.jar;C:\maven\apache-maven-3.9.4\.m2\repository\org\yaml\snakeyaml\1.33\snakeyaml-1.33.jar;C:\maven\apache-maven-3.9.4\.m2\repository\org\springframework\boot\spring-boot-test\3.1.3\spring-boot-test-3.1.3.jar;C:\maven\apache-maven-3.9.4\.m2\repository\org\springframework\boot\spring-boot-test-autoconfigure\3.1.3\spring-boot-test-autoconfigure-3.1.3.jar;C:\maven\apache-maven-3.9.4\.m2\repository\com\jayway\jsonpath\json-path\2.8.0\json-path-2.8.0.jar;C:\maven\apache-maven-3.9.4\.m2\repository\jakarta\xml\bind\jakarta.xml.bind-api\4.0.0\jakarta.xml.bind-api-4.0.0.jar;C:\maven\apache-maven-3.9.4\.m2\repository\jakarta\activation\jakarta.activation-api\2.1.2\jakarta.activation-api-2.1.2.jar;C:\maven\apache-maven-3.9.4\.m2\repository\net\minidev\json-smart\2.4.11\json-smart-2.4.11.jar;C:\maven\apache-maven-3.9.4\.m2\repository\net\minidev\accessors-smart\2.4.11\accessors-smart-2.4.11.jar;C:\maven\apache-maven-3.9.4\.m2\repository\org\ow2\asm\asm\9.3\asm-9.3.jar;C:\maven\apache-maven-3.9.4\.m2\repository\org\assertj\assertj-core\3.24.2\assertj-core-3.24.2.jar;C:\maven\apache-maven-3.9.4\.m2\repository\org\hamcrest\hamcrest\2.2\hamcrest-2.2.jar;C:\maven\apache-maven-3.9.4\.m2\repository\org\junit\jupiter\junit-jupiter\5.9.3\junit-jupiter-5.9.3.jar;C:\maven\apache-maven-3.9.4\.m2\repository\org\junit\jupiter\junit-jupiter-api\5.9.3\junit-jupiter-api-5.9.3.jar;C:\maven\apache-maven-3.9.4\.m2\repository\org\opentest4j\opentest4j\1.2.0\opentest4j-1.2.0.jar;C:\maven\apache-maven-3.9.4\.m2\repository\org\junit\platform\junit-platform-commons\1.9.3\junit-platform-commons-1.9.3.jar;C:\maven\apache-maven-3.9.4\.m2\repository\org\apiguardian\apiguardian-api\1.1.2\apiguardian-api-1.1.2.jar;C:\maven\apache-maven-3.9.4\.m2\repository\org\junit\jupiter\junit-jupiter-params\5.9.3\junit-jupiter-params-5.9.3.jar;C:\maven\apache-maven-3.9.4\.m2\repository\org\junit\jupiter\junit-jupiter-engine\5.9.3\junit-jupiter-engine-5.9.3.jar;C:\maven\apache-maven-3.9.4\.m2\repository\org\junit\platform\junit-platform-engine\1.9.3\junit-platform-engine-1.9.3.jar;C:\maven\apache-maven-3.9.4\.m2\repository\org\mockito\mockito-core\5.3.1\mockito-core-5.3.1.jar;C:\maven\apache-maven-3.9.4\.m2\repository\net\bytebuddy\byte-buddy-agent\1.14.6\byte-buddy-agent-1.14.6.jar;C:\maven\apache-maven-3.9.4\.m2\repository\org\objenesis\objenesis\3.3\objenesis-3.3.jar;C:\maven\apache-maven-3.9.4\.m2\repository\org\mockito\mockito-junit-jupiter\5.3.1\mockito-junit-jupiter-5.3.1.jar;C:\maven\apache-maven-3.9.4\.m2\repository\org\skyscreamer\jsonassert\1.5.1\jsonassert-1.5.1.jar;C:\maven\apache-maven-3.9.4\.m2\repository\com\vaadin\external\google\android-json\0.0.20131108.vaadin1\android-json-0.0.20131108.vaadin1.jar;C:\maven\apache-maven-3.9.4\.m2\repository\org\springframework\spring-core\6.0.11\spring-core-6.0.11.jar;C:\maven\apache-maven-3.9.4\.m2\repository\org\springframework\spring-jcl\6.0.11\spring-jcl-6.0.11.jar;C:\maven\apache-maven-3.9.4\.m2\repository\org\springframework\spring-test\6.0.11\spring-test-6.0.11.jar;C:\maven\apache-maven-3.9.4\.m2\repository\org\xmlunit\xmlunit-core\2.9.1\xmlunit-core-2.9.1.jar;C:\maven\apache-maven-3.9.4\.m2\repository\org\springframework\boot\spring-boot-starter-data-rest\3.1.3\spring-boot-starter-data-rest-3.1.3.jar;C:\maven\apache-maven-3.9.4\.m2\repository\org\springframework\boot\spring-boot-starter-web\3.1.3\spring-boot-starter-web-3.1.3.jar;C:\maven\apache-maven-3.9.4\.m2\repository\org\springframework\boot\spring-boot-starter-json\3.1.3\spring-boot-starter-json-3.1.3.jar;C:\maven\apache-maven-3.9.4\.m2\repository\com\fasterxml\jackson\datatype\jackson-datatype-jdk8\2.15.2\jackson-datatype-jdk8-2.15.2.jar;C:\maven\apache-maven-3.9.4\.m2\repository\com\fasterxml\jackson\datatype\jackson-datatype-jsr310\2.15.2\jackson-datatype-jsr310-2.15.2.jar;C:\maven\apache-maven-3.9.4\.m2\repository\com\fasterxml\jackson\module\jackson-module-parameter-names\2.15.2\jackson-module-parameter-names-2.15.2.jar;C:\maven\apache-maven-3.9.4\.m2\repository\org\springframework\boot\spring-boot-starter-tomcat\3.1.3\spring-boot-starter-tomcat-3.1.3.jar;C:\maven\apache-maven-3.9.4\.m2\repository\org\apache\tomcat\embed\tomcat-embed-core\10.1.12\tomcat-embed-core-10.1.12.jar;C:\maven\apache-maven-3.9.4\.m2\repository\org\apache\tomcat\embed\tomcat-embed-el\10.1.12\tomcat-embed-el-10.1.12.jar;C:\maven\apache-maven-3.9.4\.m2\repository\org\apache\tomcat\embed\tomcat-embed-websocket\10.1.12\tomcat-embed-websocket-10.1.12.jar;C:\maven\apache-maven-3.9.4\.m2\repository\org\springframework\spring-web\6.0.11\spring-web-6.0.11.jar;C:\maven\apache-maven-3.9.4\.m2\repository\io\micrometer\micrometer-observation\1.11.3\micrometer-observation-1.11.3.jar;C:\maven\apache-maven-3.9.4\.m2\repository\io\micrometer\micrometer-commons\1.11.3\micrometer-commons-1.11.3.jar;C:\maven\apache-maven-3.9.4\.m2\repository\org\springframework\spring-webmvc\6.0.11\spring-webmvc-6.0.11.jar;C:\maven\apache-maven-3.9.4\.m2\repository\org\springframework\data\spring-data-rest-webmvc\4.1.3\spring-data-rest-webmvc-4.1.3.jar;C:\maven\apache-maven-3.9.4\.m2\repository\org\springframework\data\spring-data-rest-core\4.1.3\spring-data-rest-core-4.1.3.jar;C:\maven\apache-maven-3.9.4\.m2\repository\org\springframework\hateoas\spring-hateoas\2.1.2\spring-hateoas-2.1.2.jar;C:\maven\apache-maven-3.9.4\.m2\repository\org\springframework\plugin\spring-plugin-core\3.0.0\spring-plugin-core-3.0.0.jar;C:\maven\apache-maven-3.9.4\.m2\repository\org\atteo\evo-inflector\1.3\evo-inflector-1.3.jar;"/>
    <property name="sun.cpu.endian" value="little"/>
    <property name="user.home" value="C:\Users\nfcespedes"/>
    <property name="user.language" value="es"/>
    <property name="java.specification.vendor" value="Oracle Corporation"/>
    <property name="java.version.date" value="2023-07-18"/>
    <property name="java.home" value="C:\java17"/>
    <property name="file.separator" value="\"/>
    <property name="basedir" value="C:\Users\nfcespedes\Documents\NASJWHER\neoris-tecnical-test\account-manager-parent\infra\persistence\db-manager-model"/>
    <property name="java.vm.compressedOopsMode" value="Zero based"/>
    <property name="line.separator" value="&#10;"/>
    <property name="java.vm.specification.vendor" value="Oracle Corporation"/>
    <property name="java.specification.name" value="Java Platform API Specification"/>
    <property name="FILE_LOG_CHARSET" value="windows-1252"/>
    <property name="java.awt.headless" value="true"/>
    <property name="surefire.real.class.path" value="C:\Users\nfcespedes\AppData\Local\Temp\surefire5791276896542725699\surefirebooter-20230905131345946_3.jar"/>
    <property name="user.script" value=""/>
    <property name="sun.management.compiler" value="HotSpot 64-Bit Tiered Compilers"/>
    <property name="java.runtime.version" value="17.0.8+7-adhoc..jdk17u"/>
    <property name="user.name" value="nfcespedes"/>
    <property name="path.separator" value=";"/>
    <property name="os.version" value="10.0"/>
    <property name="java.runtime.name" value="OpenJDK Runtime Environment"/>
    <property name="file.encoding" value="Cp1252"/>
    <property name="java.vm.name" value="OpenJDK 64-Bit Server VM"/>
    <property name="java.vendor.version" value="OpenLogic-OpenJDK"/>
    <property name="localRepository" value="C:\maven\apache-maven-3.9.4\.m2\repository"/>
    <property name="java.vendor.url.bug" value="https://techsupport.roguewave.com/"/>
    <property name="java.io.tmpdir" value="C:\Users\NFCESP~1\AppData\Local\Temp\"/>
    <property name="idea.version" value="2023.1.2"/>
    <property name="com.zaxxer.hikari.pool_number" value="1"/>
    <property name="java.version" value="17.0.8"/>
    <property name="user.dir" value="C:\Users\nfcespedes\Documents\NASJWHER\neoris-tecnical-test\account-manager-parent\infra\persistence\db-manager-model"/>
    <property name="os.arch" value="amd64"/>
    <property name="java.vm.specification.name" value="Java Virtual Machine Specification"/>
    <property name="PID" value="17532"/>
    <property name="sun.os.patch.level" value=""/>
    <property name="CONSOLE_LOG_CHARSET" value="windows-1252"/>
    <property name="native.encoding" value="Cp1252"/>
    <property name="java.library.path" value="C:\java17\bin;C:\WINDOWS\Sun\Java\bin;C:\WINDOWS\system32;C:\WINDOWS;C:\Program Files\Common Files\Oracle\Java\javapath;C:\WINDOWS\system32;C:\WINDOWS;C:\WINDOWS\System32\Wbem;C:\WINDOWS\System32\WindowsPowerShell\v1.0\;C:\WINDOWS\System32\OpenSSH\;C:\Program Files\Docker\Docker\resources\bin;C:\Users\nfcespedes\AppData\Local\Programs\Python\Python38\Scripts\;C:\Users\nfcespedes\AppData\Local\Programs\Python\Python38\;C:\Users\nfcespedes\AppData\Local\Microsoft\WindowsApps;C:\java11\bin;C:\maven\apache-maven-3.9.2\bin;C:\Program Files\Git\bin;C:\Artemis\apache-artemis-2.28.0-bin\apache-artemis-2.28.0\bin;C:\Users\nfcespedes\AppData\Local\Programs\Rancher Desktop\resources\resources\win32\bin\;C:\Users\nfcespedes\AppData\Local\Programs\Rancher Desktop\resources\resources\linux\bin\;."/>
    <property name="java.vm.info" value="mixed mode"/>
    <property name="java.vendor" value="OpenLogic"/>
    <property name="java.vm.version" value="17.0.8+7-adhoc..jdk17u"/>
    <property name="sun.io.unicode.encoding" value="UnicodeLittle"/>
    <property name="maven.repo.local" value="C:\maven\apache-maven-3.9.4\.m2\repository"/>
    <property name="java.class.version" value="61.0"/>
  </properties>
  <testcase name="existsAccountByAccountNumber" classname="co.com.neoris.accounts.AccountAdapterTest" time="1.247">
    <system-out><![CDATA[
  .   ____          _            __ _ _
 /\\ / ___'_ __ _ _(_)_ __  __ _ \ \ \ \
( ( )\___ | '_ | '_| | '_ \/ _` | \ \ \ \
 \\/  ___)| |_)| | | | | || (_| |  ) ) ) )
  '  |____| .__|_| |_|_| |_\__, | / / / /
 =========|_|==============|___/=/_/_/_/
 :: Spring Boot ::                (v3.1.3)

2023-09-05T13:13:48.324+02:00  INFO 17532 --- [           main] c.c.neoris.accounts.AccountAdapterTest   : Starting AccountAdapterTest using Java 17.0.8 with PID 17532 (started by nfcespedes in C:\Users\nfcespedes\Documents\NASJWHER\neoris-tecnical-test\account-manager-parent\infra\persistence\db-manager-model)
2023-09-05T13:13:48.328+02:00  INFO 17532 --- [           main] c.c.neoris.accounts.AccountAdapterTest   : The following 1 profile is active: "test"
2023-09-05T13:13:48.968+02:00  INFO 17532 --- [           main] .s.d.r.c.RepositoryConfigurationDelegate : Bootstrapping Spring Data JPA repositories in DEFAULT mode.
2023-09-05T13:13:49.012+02:00  INFO 17532 --- [           main] .s.d.r.c.RepositoryConfigurationDelegate : Finished Spring Data repository scanning in 37 ms. Found 1 JPA repository interfaces.
2023-09-05T13:13:49.764+02:00  INFO 17532 --- [           main] com.zaxxer.hikari.HikariDataSource       : HikariPool-1 - Starting...
2023-09-05T13:13:50.019+02:00  INFO 17532 --- [           main] com.zaxxer.hikari.pool.HikariPool        : HikariPool-1 - Added connection conn0: url=jdbc:h2:mem:testdb user=SA
2023-09-05T13:13:50.020+02:00  INFO 17532 --- [           main] com.zaxxer.hikari.HikariDataSource       : HikariPool-1 - Start completed.
2023-09-05T13:13:50.099+02:00  INFO 17532 --- [           main] o.hibernate.jpa.internal.util.LogHelper  : HHH000204: Processing PersistenceUnitInfo [name: default]
2023-09-05T13:13:50.203+02:00  INFO 17532 --- [           main] org.hibernate.Version                    : HHH000412: Hibernate ORM core version 6.2.7.Final
2023-09-05T13:13:50.206+02:00  INFO 17532 --- [           main] org.hibernate.cfg.Environment            : HHH000406: Using bytecode reflection optimizer
2023-09-05T13:13:50.494+02:00  INFO 17532 --- [           main] o.h.b.i.BytecodeProviderInitiator        : HHH000021: Bytecode provider name : bytebuddy
2023-09-05T13:13:50.720+02:00  INFO 17532 --- [           main] o.s.o.j.p.SpringPersistenceUnitInfo      : No LoadTimeWeaver setup: ignoring JPA class transformer
2023-09-05T13:13:50.986+02:00  INFO 17532 --- [           main] o.h.b.i.BytecodeProviderInitiator        : HHH000021: Bytecode provider name : bytebuddy
2023-09-05T13:13:51.524+02:00  INFO 17532 --- [           main] o.h.e.t.j.p.i.JtaPlatformInitiator       : HHH000490: Using JtaPlatform implementation: [org.hibernate.engine.transaction.jta.platform.internal.NoJtaPlatform]
Hibernate: drop table if exists account cascade 
Hibernate: drop table if exists transaction cascade 
Hibernate: create table account (initial_balance float(53), status boolean, aud_created_at timestamp(6) with time zone, aud_updated_at timestamp(6) with time zone, id bigint generated by default as identity, account_number varchar(255), account_type varchar(255), client_id_number varchar(255) not null, password varchar(255), primary key (id))
Hibernate: create table transaction (balance float(53), value float(53), account_id bigint unique, aud_created_at timestamp(6) with time zone, aud_updated_at timestamp(6) with time zone, id bigint generated by default as identity, transaction_date timestamp(6) with time zone, transaction_type varchar(255), primary key (id))
2023-09-05T13:13:51.561+02:00  WARN 17532 --- [           main] o.h.t.s.i.ExceptionHandlerLoggedImpl     : GenerationTarget encountered exception accepting command : Error executing DDL "create table transaction (balance float(53), value float(53), account_id bigint unique, aud_created_at timestamp(6) with time zone, aud_updated_at timestamp(6) with time zone, id bigint generated by default as identity, transaction_date timestamp(6) with time zone, transaction_type varchar(255), primary key (id))" via JDBC [Error de Sintaxis en sentencia SQL "create table transaction (balance float(53), [*]value float(53), account_id bigint unique, aud_created_at timestamp(6) with time zone, aud_updated_at timestamp(6) with time zone, id bigint generated by default as identity, transaction_date timestamp(6) with time zone, transaction_type varchar(255), primary key (id))"; se esperaba "identifier"
Syntax error in SQL statement "create table transaction (balance float(53), [*]value float(53), account_id bigint unique, aud_created_at timestamp(6) with time zone, aud_updated_at timestamp(6) with time zone, id bigint generated by default as identity, transaction_date timestamp(6) with time zone, transaction_type varchar(255), primary key (id))"; expected "identifier";]

org.hibernate.tool.schema.spi.CommandAcceptanceException: Error executing DDL "create table transaction (balance float(53), value float(53), account_id bigint unique, aud_created_at timestamp(6) with time zone, aud_updated_at timestamp(6) with time zone, id bigint generated by default as identity, transaction_date timestamp(6) with time zone, transaction_type varchar(255), primary key (id))" via JDBC [Error de Sintaxis en sentencia SQL "create table transaction (balance float(53), [*]value float(53), account_id bigint unique, aud_created_at timestamp(6) with time zone, aud_updated_at timestamp(6) with time zone, id bigint generated by default as identity, transaction_date timestamp(6) with time zone, transaction_type varchar(255), primary key (id))"; se esperaba "identifier"
Syntax error in SQL statement "create table transaction (balance float(53), [*]value float(53), account_id bigint unique, aud_created_at timestamp(6) with time zone, aud_updated_at timestamp(6) with time zone, id bigint generated by default as identity, transaction_date timestamp(6) with time zone, transaction_type varchar(255), primary key (id))"; expected "identifier";]
	at org.hibernate.tool.schema.internal.exec.GenerationTargetToDatabase.accept(GenerationTargetToDatabase.java:92) ~[hibernate-core-6.2.7.Final.jar:6.2.7.Final]
	at org.hibernate.tool.schema.internal.Helper.applySqlString(Helper.java:235) ~[hibernate-core-6.2.7.Final.jar:6.2.7.Final]
	at org.hibernate.tool.schema.internal.Helper.applySqlStrings(Helper.java:219) ~[hibernate-core-6.2.7.Final.jar:6.2.7.Final]
	at org.hibernate.tool.schema.internal.SchemaCreatorImpl.createTables(SchemaCreatorImpl.java:419) ~[hibernate-core-6.2.7.Final.jar:6.2.7.Final]
	at org.hibernate.tool.schema.internal.SchemaCreatorImpl.createSequencesTablesConstraints(SchemaCreatorImpl.java:340) ~[hibernate-core-6.2.7.Final.jar:6.2.7.Final]
	at org.hibernate.tool.schema.internal.SchemaCreatorImpl.createFromMetadata(SchemaCreatorImpl.java:239) ~[hibernate-core-6.2.7.Final.jar:6.2.7.Final]
	at org.hibernate.tool.schema.internal.SchemaCreatorImpl.performCreation(SchemaCreatorImpl.java:172) ~[hibernate-core-6.2.7.Final.jar:6.2.7.Final]
	at org.hibernate.tool.schema.internal.SchemaCreatorImpl.doCreation(SchemaCreatorImpl.java:142) ~[hibernate-core-6.2.7.Final.jar:6.2.7.Final]
	at org.hibernate.tool.schema.internal.SchemaCreatorImpl.doCreation(SchemaCreatorImpl.java:118) ~[hibernate-core-6.2.7.Final.jar:6.2.7.Final]
	at org.hibernate.tool.schema.spi.SchemaManagementToolCoordinator.performDatabaseAction(SchemaManagementToolCoordinator.java:254) ~[hibernate-core-6.2.7.Final.jar:6.2.7.Final]
	at org.hibernate.tool.schema.spi.SchemaManagementToolCoordinator.lambda$process$5(SchemaManagementToolCoordinator.java:143) ~[hibernate-core-6.2.7.Final.jar:6.2.7.Final]
	at java.base/java.util.HashMap.forEach(Unknown Source) ~[na:na]
	at org.hibernate.tool.schema.spi.SchemaManagementToolCoordinator.process(SchemaManagementToolCoordinator.java:140) ~[hibernate-core-6.2.7.Final.jar:6.2.7.Final]
	at org.hibernate.boot.internal.SessionFactoryObserverForSchemaExport.sessionFactoryCreated(SessionFactoryObserverForSchemaExport.java:37) ~[hibernate-core-6.2.7.Final.jar:6.2.7.Final]
	at org.hibernate.internal.SessionFactoryObserverChain.sessionFactoryCreated(SessionFactoryObserverChain.java:35) ~[hibernate-core-6.2.7.Final.jar:6.2.7.Final]
	at org.hibernate.internal.SessionFactoryImpl.<init>(SessionFactoryImpl.java:292) ~[hibernate-core-6.2.7.Final.jar:6.2.7.Final]
	at org.hibernate.boot.internal.SessionFactoryBuilderImpl.build(SessionFactoryBuilderImpl.java:431) ~[hibernate-core-6.2.7.Final.jar:6.2.7.Final]
	at org.hibernate.jpa.boot.internal.EntityManagerFactoryBuilderImpl.build(EntityManagerFactoryBuilderImpl.java:1455) ~[hibernate-core-6.2.7.Final.jar:6.2.7.Final]
	at org.springframework.orm.jpa.vendor.SpringHibernateJpaPersistenceProvider.createContainerEntityManagerFactory(SpringHibernateJpaPersistenceProvider.java:75) ~[spring-orm-6.0.11.jar:6.0.11]
	at org.springframework.orm.jpa.LocalContainerEntityManagerFactoryBean.createNativeEntityManagerFactory(LocalContainerEntityManagerFactoryBean.java:376) ~[spring-orm-6.0.11.jar:6.0.11]
	at org.springframework.orm.jpa.AbstractEntityManagerFactoryBean.buildNativeEntityManagerFactory(AbstractEntityManagerFactoryBean.java:409) ~[spring-orm-6.0.11.jar:6.0.11]
	at org.springframework.orm.jpa.AbstractEntityManagerFactoryBean.afterPropertiesSet(AbstractEntityManagerFactoryBean.java:396) ~[spring-orm-6.0.11.jar:6.0.11]
	at org.springframework.orm.jpa.LocalContainerEntityManagerFactoryBean.afterPropertiesSet(LocalContainerEntityManagerFactoryBean.java:352) ~[spring-orm-6.0.11.jar:6.0.11]
	at org.springframework.beans.factory.support.AbstractAutowireCapableBeanFactory.invokeInitMethods(AbstractAutowireCapableBeanFactory.java:1817) ~[spring-beans-6.0.11.jar:6.0.11]
	at org.springframework.beans.factory.support.AbstractAutowireCapableBeanFactory.initializeBean(AbstractAutowireCapableBeanFactory.java:1766) ~[spring-beans-6.0.11.jar:6.0.11]
	at org.springframework.beans.factory.support.AbstractAutowireCapableBeanFactory.doCreateBean(AbstractAutowireCapableBeanFactory.java:598) ~[spring-beans-6.0.11.jar:6.0.11]
	at org.springframework.beans.factory.support.AbstractAutowireCapableBeanFactory.createBean(AbstractAutowireCapableBeanFactory.java:520) ~[spring-beans-6.0.11.jar:6.0.11]
	at org.springframework.beans.factory.support.AbstractBeanFactory.lambda$doGetBean$0(AbstractBeanFactory.java:326) ~[spring-beans-6.0.11.jar:6.0.11]
	at org.springframework.beans.factory.support.DefaultSingletonBeanRegistry.getSingleton(DefaultSingletonBeanRegistry.java:234) ~[spring-beans-6.0.11.jar:6.0.11]
	at org.springframework.beans.factory.support.AbstractBeanFactory.doGetBean(AbstractBeanFactory.java:324) ~[spring-beans-6.0.11.jar:6.0.11]
	at org.springframework.beans.factory.support.AbstractBeanFactory.getBean(AbstractBeanFactory.java:200) ~[spring-beans-6.0.11.jar:6.0.11]
	at org.springframework.context.support.AbstractApplicationContext.getBean(AbstractApplicationContext.java:1155) ~[spring-context-6.0.11.jar:6.0.11]
	at org.springframework.context.support.AbstractApplicationContext.finishBeanFactoryInitialization(AbstractApplicationContext.java:932) ~[spring-context-6.0.11.jar:6.0.11]
	at org.springframework.context.support.AbstractApplicationContext.refresh(AbstractApplicationContext.java:608) ~[spring-context-6.0.11.jar:6.0.11]
	at org.springframework.boot.SpringApplication.refresh(SpringApplication.java:734) ~[spring-boot-3.1.3.jar:3.1.3]
	at org.springframework.boot.SpringApplication.refreshContext(SpringApplication.java:436) ~[spring-boot-3.1.3.jar:3.1.3]
	at org.springframework.boot.SpringApplication.run(SpringApplication.java:312) ~[spring-boot-3.1.3.jar:3.1.3]
	at org.springframework.boot.test.context.SpringBootContextLoader.lambda$loadContext$3(SpringBootContextLoader.java:137) ~[spring-boot-test-3.1.3.jar:3.1.3]
	at org.springframework.util.function.ThrowingSupplier.get(ThrowingSupplier.java:58) ~[spring-core-6.0.11.jar:6.0.11]
	at org.springframework.util.function.ThrowingSupplier.get(ThrowingSupplier.java:46) ~[spring-core-6.0.11.jar:6.0.11]
	at org.springframework.boot.SpringApplication.withHook(SpringApplication.java:1406) ~[spring-boot-3.1.3.jar:3.1.3]
	at org.springframework.boot.test.context.SpringBootContextLoader$ContextLoaderHook.run(SpringBootContextLoader.java:545) ~[spring-boot-test-3.1.3.jar:3.1.3]
	at org.springframework.boot.test.context.SpringBootContextLoader.loadContext(SpringBootContextLoader.java:137) ~[spring-boot-test-3.1.3.jar:3.1.3]
	at org.springframework.boot.test.context.SpringBootContextLoader.loadContext(SpringBootContextLoader.java:108) ~[spring-boot-test-3.1.3.jar:3.1.3]
	at org.springframework.test.context.cache.DefaultCacheAwareContextLoaderDelegate.loadContextInternal(DefaultCacheAwareContextLoaderDelegate.java:187) ~[spring-test-6.0.11.jar:6.0.11]
	at org.springframework.test.context.cache.DefaultCacheAwareContextLoaderDelegate.loadContext(DefaultCacheAwareContextLoaderDelegate.java:119) ~[spring-test-6.0.11.jar:6.0.11]
	at org.springframework.test.context.support.DefaultTestContext.getApplicationContext(DefaultTestContext.java:127) ~[spring-test-6.0.11.jar:6.0.11]
	at org.springframework.test.context.web.ServletTestExecutionListener.setUpRequestContextIfNecessary(ServletTestExecutionListener.java:191) ~[spring-test-6.0.11.jar:6.0.11]
	at org.springframework.test.context.web.ServletTestExecutionListener.prepareTestInstance(ServletTestExecutionListener.java:130) ~[spring-test-6.0.11.jar:6.0.11]
	at org.springframework.test.context.TestContextManager.prepareTestInstance(TestContextManager.java:241) ~[spring-test-6.0.11.jar:6.0.11]
	at org.springframework.test.context.junit.jupiter.SpringExtension.postProcessTestInstance(SpringExtension.java:138) ~[spring-test-6.0.11.jar:6.0.11]
	at org.junit.jupiter.engine.descriptor.ClassBasedTestDescriptor.lambda$invokeTestInstancePostProcessors$10(ClassBasedTestDescriptor.java:377) ~[junit-jupiter-engine-5.9.3.jar:5.9.3]
	at org.junit.jupiter.engine.descriptor.ClassBasedTestDescriptor.executeAndMaskThrowable(ClassBasedTestDescriptor.java:382) ~[junit-jupiter-engine-5.9.3.jar:5.9.3]
	at org.junit.jupiter.engine.descriptor.ClassBasedTestDescriptor.lambda$invokeTestInstancePostProcessors$11(ClassBasedTestDescriptor.java:377) ~[junit-jupiter-engine-5.9.3.jar:5.9.3]
	at java.base/java.util.stream.ReferencePipeline$3$1.accept(Unknown Source) ~[na:na]
	at java.base/java.util.stream.ReferencePipeline$2$1.accept(Unknown Source) ~[na:na]
	at java.base/java.util.ArrayList$ArrayListSpliterator.forEachRemaining(Unknown Source) ~[na:na]
	at java.base/java.util.stream.AbstractPipeline.copyInto(Unknown Source) ~[na:na]
	at java.base/java.util.stream.AbstractPipeline.wrapAndCopyInto(Unknown Source) ~[na:na]
	at java.base/java.util.stream.StreamSpliterators$WrappingSpliterator.forEachRemaining(Unknown Source) ~[na:na]
	at java.base/java.util.stream.Streams$ConcatSpliterator.forEachRemaining(Unknown Source) ~[na:na]
	at java.base/java.util.stream.Streams$ConcatSpliterator.forEachRemaining(Unknown Source) ~[na:na]
	at java.base/java.util.stream.ReferencePipeline$Head.forEach(Unknown Source) ~[na:na]
	at org.junit.jupiter.engine.descriptor.ClassBasedTestDescriptor.invokeTestInstancePostProcessors(ClassBasedTestDescriptor.java:376) ~[junit-jupiter-engine-5.9.3.jar:5.9.3]
	at org.junit.jupiter.engine.descriptor.ClassBasedTestDescriptor.lambda$instantiateAndPostProcessTestInstance$6(ClassBasedTestDescriptor.java:289) ~[junit-jupiter-engine-5.9.3.jar:5.9.3]
	at org.junit.platform.engine.support.hierarchical.ThrowableCollector.execute(ThrowableCollector.java:73) ~[junit-platform-engine-1.9.3.jar:1.9.3]
	at org.junit.jupiter.engine.descriptor.ClassBasedTestDescriptor.instantiateAndPostProcessTestInstance(ClassBasedTestDescriptor.java:288) ~[junit-jupiter-engine-5.9.3.jar:5.9.3]
	at org.junit.jupiter.engine.descriptor.ClassBasedTestDescriptor.lambda$testInstancesProvider$4(ClassBasedTestDescriptor.java:278) ~[junit-jupiter-engine-5.9.3.jar:5.9.3]
	at java.base/java.util.Optional.orElseGet(Unknown Source) ~[na:na]
	at org.junit.jupiter.engine.descriptor.ClassBasedTestDescriptor.lambda$testInstancesProvider$5(ClassBasedTestDescriptor.java:277) ~[junit-jupiter-engine-5.9.3.jar:5.9.3]
	at org.junit.jupiter.engine.execution.TestInstancesProvider.getTestInstances(TestInstancesProvider.java:31) ~[junit-jupiter-engine-5.9.3.jar:5.9.3]
	at org.junit.jupiter.engine.descriptor.TestMethodTestDescriptor.lambda$prepare$0(TestMethodTestDescriptor.java:105) ~[junit-jupiter-engine-5.9.3.jar:5.9.3]
	at org.junit.platform.engine.support.hierarchical.ThrowableCollector.execute(ThrowableCollector.java:73) ~[junit-platform-engine-1.9.3.jar:1.9.3]
	at org.junit.jupiter.engine.descriptor.TestMethodTestDescriptor.prepare(TestMethodTestDescriptor.java:104) ~[junit-jupiter-engine-5.9.3.jar:5.9.3]
	at org.junit.jupiter.engine.descriptor.TestMethodTestDescriptor.prepare(TestMethodTestDescriptor.java:68) ~[junit-jupiter-engine-5.9.3.jar:5.9.3]
	at org.junit.platform.engine.support.hierarchical.NodeTestTask.lambda$prepare$2(NodeTestTask.java:123) ~[junit-platform-engine-1.9.3.jar:1.9.3]
	at org.junit.platform.engine.support.hierarchical.ThrowableCollector.execute(ThrowableCollector.java:73) ~[junit-platform-engine-1.9.3.jar:1.9.3]
	at org.junit.platform.engine.support.hierarchical.NodeTestTask.prepare(NodeTestTask.java:123) ~[junit-platform-engine-1.9.3.jar:1.9.3]
	at org.junit.platform.engine.support.hierarchical.NodeTestTask.execute(NodeTestTask.java:90) ~[junit-platform-engine-1.9.3.jar:1.9.3]
	at java.base/java.util.ArrayList.forEach(Unknown Source) ~[na:na]
	at org.junit.platform.engine.support.hierarchical.SameThreadHierarchicalTestExecutorService.invokeAll(SameThreadHierarchicalTestExecutorService.java:41) ~[junit-platform-engine-1.9.3.jar:1.9.3]
	at org.junit.platform.engine.support.hierarchical.NodeTestTask.lambda$executeRecursively$6(NodeTestTask.java:155) ~[junit-platform-engine-1.9.3.jar:1.9.3]
	at org.junit.platform.engine.support.hierarchical.ThrowableCollector.execute(ThrowableCollector.java:73) ~[junit-platform-engine-1.9.3.jar:1.9.3]
	at org.junit.platform.engine.support.hierarchical.NodeTestTask.lambda$executeRecursively$8(NodeTestTask.java:141) ~[junit-platform-engine-1.9.3.jar:1.9.3]
	at org.junit.platform.engine.support.hierarchical.Node.around(Node.java:137) ~[junit-platform-engine-1.9.3.jar:1.9.3]
	at org.junit.platform.engine.support.hierarchical.NodeTestTask.lambda$executeRecursively$9(NodeTestTask.java:139) ~[junit-platform-engine-1.9.3.jar:1.9.3]
	at org.junit.platform.engine.support.hierarchical.ThrowableCollector.execute(ThrowableCollector.java:73) ~[junit-platform-engine-1.9.3.jar:1.9.3]
	at org.junit.platform.engine.support.hierarchical.NodeTestTask.executeRecursively(NodeTestTask.java:138) ~[junit-platform-engine-1.9.3.jar:1.9.3]
	at org.junit.platform.engine.support.hierarchical.NodeTestTask.execute(NodeTestTask.java:95) ~[junit-platform-engine-1.9.3.jar:1.9.3]
	at java.base/java.util.ArrayList.forEach(Unknown Source) ~[na:na]
	at org.junit.platform.engine.support.hierarchical.SameThreadHierarchicalTestExecutorService.invokeAll(SameThreadHierarchicalTestExecutorService.java:41) ~[junit-platform-engine-1.9.3.jar:1.9.3]
	at org.junit.platform.engine.support.hierarchical.NodeTestTask.lambda$executeRecursively$6(NodeTestTask.java:155) ~[junit-platform-engine-1.9.3.jar:1.9.3]
	at org.junit.platform.engine.support.hierarchical.ThrowableCollector.execute(ThrowableCollector.java:73) ~[junit-platform-engine-1.9.3.jar:1.9.3]
	at org.junit.platform.engine.support.hierarchical.NodeTestTask.lambda$executeRecursively$8(NodeTestTask.java:141) ~[junit-platform-engine-1.9.3.jar:1.9.3]
	at org.junit.platform.engine.support.hierarchical.Node.around(Node.java:137) ~[junit-platform-engine-1.9.3.jar:1.9.3]
	at org.junit.platform.engine.support.hierarchical.NodeTestTask.lambda$executeRecursively$9(NodeTestTask.java:139) ~[junit-platform-engine-1.9.3.jar:1.9.3]
	at org.junit.platform.engine.support.hierarchical.ThrowableCollector.execute(ThrowableCollector.java:73) ~[junit-platform-engine-1.9.3.jar:1.9.3]
	at org.junit.platform.engine.support.hierarchical.NodeTestTask.executeRecursively(NodeTestTask.java:138) ~[junit-platform-engine-1.9.3.jar:1.9.3]
	at org.junit.platform.engine.support.hierarchical.NodeTestTask.execute(NodeTestTask.java:95) ~[junit-platform-engine-1.9.3.jar:1.9.3]
	at org.junit.platform.engine.support.hierarchical.SameThreadHierarchicalTestExecutorService.submit(SameThreadHierarchicalTestExecutorService.java:35) ~[junit-platform-engine-1.9.3.jar:1.9.3]
	at org.junit.platform.engine.support.hierarchical.HierarchicalTestExecutor.execute(HierarchicalTestExecutor.java:57) ~[junit-platform-engine-1.9.3.jar:1.9.3]
	at org.junit.platform.engine.support.hierarchical.HierarchicalTestEngine.execute(HierarchicalTestEngine.java:54) ~[junit-platform-engine-1.9.3.jar:1.9.3]
	at org.junit.platform.launcher.core.EngineExecutionOrchestrator.execute(EngineExecutionOrchestrator.java:147) ~[junit-platform-launcher-1.9.3.jar:1.9.3]
	at org.junit.platform.launcher.core.EngineExecutionOrchestrator.execute(EngineExecutionOrchestrator.java:127) ~[junit-platform-launcher-1.9.3.jar:1.9.3]
	at org.junit.platform.launcher.core.EngineExecutionOrchestrator.execute(EngineExecutionOrchestrator.java:90) ~[junit-platform-launcher-1.9.3.jar:1.9.3]
	at org.junit.platform.launcher.core.EngineExecutionOrchestrator.lambda$execute$0(EngineExecutionOrchestrator.java:55) ~[junit-platform-launcher-1.9.3.jar:1.9.3]
	at org.junit.platform.launcher.core.EngineExecutionOrchestrator.withInterceptedStreams(EngineExecutionOrchestrator.java:102) ~[junit-platform-launcher-1.9.3.jar:1.9.3]
	at org.junit.platform.launcher.core.EngineExecutionOrchestrator.execute(EngineExecutionOrchestrator.java:54) ~[junit-platform-launcher-1.9.3.jar:1.9.3]
	at org.junit.platform.launcher.core.DefaultLauncher.execute(DefaultLauncher.java:114) ~[junit-platform-launcher-1.9.3.jar:1.9.3]
	at org.junit.platform.launcher.core.DefaultLauncher.execute(DefaultLauncher.java:86) ~[junit-platform-launcher-1.9.3.jar:1.9.3]
	at org.junit.platform.launcher.core.DefaultLauncherSession$DelegatingLauncher.execute(DefaultLauncherSession.java:86) ~[junit-platform-launcher-1.9.3.jar:1.9.3]
	at org.apache.maven.surefire.junitplatform.LazyLauncher.execute(LazyLauncher.java:50) ~[surefire-junit-platform-3.0.0.jar:3.0.0]
	at org.apache.maven.surefire.junitplatform.JUnitPlatformProvider.execute(JUnitPlatformProvider.java:184) ~[surefire-junit-platform-3.0.0.jar:3.0.0]
	at org.apache.maven.surefire.junitplatform.JUnitPlatformProvider.invokeAllTests(JUnitPlatformProvider.java:148) ~[surefire-junit-platform-3.0.0.jar:3.0.0]
	at org.apache.maven.surefire.junitplatform.JUnitPlatformProvider.invoke(JUnitPlatformProvider.java:122) ~[surefire-junit-platform-3.0.0.jar:3.0.0]
	at org.apache.maven.surefire.booter.ForkedBooter.runSuitesInProcess(ForkedBooter.java:385) ~[surefire-booter-3.0.0.jar:3.0.0]
	at org.apache.maven.surefire.booter.ForkedBooter.execute(ForkedBooter.java:162) ~[surefire-booter-3.0.0.jar:3.0.0]
	at org.apache.maven.surefire.booter.ForkedBooter.run(ForkedBooter.java:507) ~[surefire-booter-3.0.0.jar:3.0.0]
	at org.apache.maven.surefire.booter.ForkedBooter.main(ForkedBooter.java:495) ~[surefire-booter-3.0.0.jar:3.0.0]
Caused by: org.h2.jdbc.JdbcSQLSyntaxErrorException: Error de Sintaxis en sentencia SQL "create table transaction (balance float(53), [*]value float(53), account_id bigint unique, aud_created_at timestamp(6) with time zone, aud_updated_at timestamp(6) with time zone, id bigint generated by default as identity, transaction_date timestamp(6) with time zone, transaction_type varchar(255), primary key (id))"; se esperaba "identifier"
Syntax error in SQL statement "create table transaction (balance float(53), [*]value float(53), account_id bigint unique, aud_created_at timestamp(6) with time zone, aud_updated_at timestamp(6) with time zone, id bigint generated by default as identity, transaction_date timestamp(6) with time zone, transaction_type varchar(255), primary key (id))"; expected "identifier"; SQL statement:
create table transaction (balance float(53), value float(53), account_id bigint unique, aud_created_at timestamp(6) with time zone, aud_updated_at timestamp(6) with time zone, id bigint generated by default as identity, transaction_date timestamp(6) with time zone, transaction_type varchar(255), primary key (id)) [42001-214]
	at org.h2.message.DbException.getJdbcSQLException(DbException.java:502) ~[h2-2.1.214.jar:2.1.214]
	at org.h2.message.DbException.getJdbcSQLException(DbException.java:477) ~[h2-2.1.214.jar:2.1.214]
	at org.h2.message.DbException.getSyntaxError(DbException.java:261) ~[h2-2.1.214.jar:2.1.214]
	at org.h2.command.Parser.readIdentifier(Parser.java:5656) ~[h2-2.1.214.jar:2.1.214]
	at org.h2.command.Parser.parseTableColumnDefinition(Parser.java:9326) ~[h2-2.1.214.jar:2.1.214]
	at org.h2.command.Parser.parseCreateTable(Parser.java:9271) ~[h2-2.1.214.jar:2.1.214]
	at org.h2.command.Parser.parseCreate(Parser.java:6784) ~[h2-2.1.214.jar:2.1.214]
	at org.h2.command.Parser.parsePrepared(Parser.java:763) ~[h2-2.1.214.jar:2.1.214]
	at org.h2.command.Parser.parse(Parser.java:689) ~[h2-2.1.214.jar:2.1.214]
	at org.h2.command.Parser.parse(Parser.java:661) ~[h2-2.1.214.jar:2.1.214]
	at org.h2.command.Parser.prepareCommand(Parser.java:569) ~[h2-2.1.214.jar:2.1.214]
	at org.h2.engine.SessionLocal.prepareLocal(SessionLocal.java:631) ~[h2-2.1.214.jar:2.1.214]
	at org.h2.engine.SessionLocal.prepareCommand(SessionLocal.java:554) ~[h2-2.1.214.jar:2.1.214]
	at org.h2.jdbc.JdbcConnection.prepareCommand(JdbcConnection.java:1116) ~[h2-2.1.214.jar:2.1.214]
	at org.h2.jdbc.JdbcStatement.executeInternal(JdbcStatement.java:237) ~[h2-2.1.214.jar:2.1.214]
	at org.h2.jdbc.JdbcStatement.execute(JdbcStatement.java:223) ~[h2-2.1.214.jar:2.1.214]
	at com.zaxxer.hikari.pool.ProxyStatement.execute(ProxyStatement.java:94) ~[HikariCP-5.0.1.jar:na]
	at com.zaxxer.hikari.pool.HikariProxyStatement.execute(HikariProxyStatement.java) ~[HikariCP-5.0.1.jar:na]
	at org.hibernate.tool.schema.internal.exec.GenerationTargetToDatabase.accept(GenerationTargetToDatabase.java:78) ~[hibernate-core-6.2.7.Final.jar:6.2.7.Final]
	... 118 common frames omitted

Hibernate: alter table if exists transaction add constraint FK6g20fcr3bhr6bihgy24rq1r1b foreign key (account_id) references account
2023-09-05T13:13:51.571+02:00  INFO 17532 --- [           main] j.LocalContainerEntityManagerFactoryBean : Initialized JPA EntityManagerFactory for persistence unit 'default'
2023-09-05T13:13:52.347+02:00  WARN 17532 --- [           main] JpaBaseConfiguration$JpaWebConfiguration : spring.jpa.open-in-view is enabled by default. Therefore, database queries may be performed during view rendering. Explicitly configure spring.jpa.open-in-view to disable this warning
2023-09-05T13:13:53.194+02:00  INFO 17532 --- [           main] c.c.neoris.accounts.AccountAdapterTest   : Started AccountAdapterTest in 5.234 seconds (process running for 6.683)
2023-09-05T13:13:54.192+02:00  INFO 17532 --- [           main] c.c.n.accounts.adapters.AccountAdapter   : ?------- Create New Account --------?
2023-09-05T13:13:54.201+02:00  INFO 17532 --- [           main] c.c.n.accounts.adapters.AccountAdapter   : AccountEntity(id=1, clientIdNumber=1973546, password=5678, accountNumber=9425464, accountType=Ahorros, initialBalance=12002.29, status=true, audCreatedAt=null, audUpdatedAt=null)
Hibernate: select a1_0.id,a1_0.account_number,a1_0.account_type,a1_0.aud_created_at,a1_0.aud_updated_at,a1_0.client_id_number,a1_0.initial_balance,a1_0.password,a1_0.status from account a1_0 where a1_0.id=?
Hibernate: insert into account (account_number,account_type,aud_created_at,aud_updated_at,client_id_number,initial_balance,password,status,id) values (?,?,?,?,?,?,?,?,default)
Hibernate: select a1_0.id from account a1_0 where a1_0.account_number=? fetch first ? rows only
]]></system-out>
  </testcase>
  <testcase name="getAccountByClientIdNumberTest" classname="co.com.neoris.accounts.AccountAdapterTest" time="0.069">
    <system-out><![CDATA[2023-09-05T13:13:54.478+02:00  INFO 17532 --- [           main] c.c.n.accounts.adapters.AccountAdapter   : ?------- Create New Account --------?
2023-09-05T13:13:54.478+02:00  INFO 17532 --- [           main] c.c.n.accounts.adapters.AccountAdapter   : AccountEntity(id=1, clientIdNumber=1973546, password=5678, accountNumber=9425464, accountType=Ahorros, initialBalance=12002.29, status=true, audCreatedAt=null, audUpdatedAt=null)
Hibernate: select a1_0.id,a1_0.account_number,a1_0.account_type,a1_0.aud_created_at,a1_0.aud_updated_at,a1_0.client_id_number,a1_0.initial_balance,a1_0.password,a1_0.status from account a1_0 where a1_0.id=?
Hibernate: select a1_0.id,a1_0.account_number,a1_0.account_type,a1_0.aud_created_at,a1_0.aud_updated_at,a1_0.client_id_number,a1_0.initial_balance,a1_0.password,a1_0.status from account a1_0 where a1_0.client_id_number=?
Hibernate: select a1_0.id,a1_0.account_number,a1_0.account_type,a1_0.aud_created_at,a1_0.aud_updated_at,a1_0.client_id_number,a1_0.initial_balance,a1_0.password,a1_0.status from account a1_0
Hibernate: delete from account where id=?
]]></system-out>
  </testcase>
  <testcase name="existsAccountByClientIdNumber" classname="co.com.neoris.accounts.AccountAdapterTest" time="0.022">
    <system-out><![CDATA[2023-09-05T13:13:54.547+02:00  INFO 17532 --- [           main] c.c.n.accounts.adapters.AccountAdapter   : ?------- Create New Account --------?
2023-09-05T13:13:54.547+02:00  INFO 17532 --- [           main] c.c.n.accounts.adapters.AccountAdapter   : AccountEntity(id=1, clientIdNumber=1973546, password=5678, accountNumber=9425464, accountType=Ahorros, initialBalance=12002.29, status=true, audCreatedAt=null, audUpdatedAt=null)
Hibernate: select a1_0.id,a1_0.account_number,a1_0.account_type,a1_0.aud_created_at,a1_0.aud_updated_at,a1_0.client_id_number,a1_0.initial_balance,a1_0.password,a1_0.status from account a1_0 where a1_0.id=?
Hibernate: insert into account (account_number,account_type,aud_created_at,aud_updated_at,client_id_number,initial_balance,password,status,id) values (?,?,?,?,?,?,?,?,default)
Hibernate: select a1_0.id from account a1_0 where a1_0.client_id_number=? fetch first ? rows only
Hibernate: select a1_0.id,a1_0.account_number,a1_0.account_type,a1_0.aud_created_at,a1_0.aud_updated_at,a1_0.client_id_number,a1_0.initial_balance,a1_0.password,a1_0.status from account a1_0
Hibernate: delete from account where id=?
]]></system-out>
  </testcase>
  <testcase name="getAccountByAccountNumberTest" classname="co.com.neoris.accounts.AccountAdapterTest" time="0.028">
    <system-out><![CDATA[2023-09-05T13:13:54.573+02:00  INFO 17532 --- [           main] c.c.n.accounts.adapters.AccountAdapter   : ?------- Create New Account --------?
2023-09-05T13:13:54.574+02:00  INFO 17532 --- [           main] c.c.n.accounts.adapters.AccountAdapter   : AccountEntity(id=1, clientIdNumber=1973546, password=5678, accountNumber=9425464, accountType=Ahorros, initialBalance=12002.29, status=true, audCreatedAt=null, audUpdatedAt=null)
Hibernate: select a1_0.id,a1_0.account_number,a1_0.account_type,a1_0.aud_created_at,a1_0.aud_updated_at,a1_0.client_id_number,a1_0.initial_balance,a1_0.password,a1_0.status from account a1_0 where a1_0.id=?
Hibernate: insert into account (account_number,account_type,aud_created_at,aud_updated_at,client_id_number,initial_balance,password,status,id) values (?,?,?,?,?,?,?,?,default)
Hibernate: select a1_0.id,a1_0.account_number,a1_0.account_type,a1_0.aud_created_at,a1_0.aud_updated_at,a1_0.client_id_number,a1_0.initial_balance,a1_0.password,a1_0.status from account a1_0 where a1_0.account_number=?
Hibernate: select a1_0.id,a1_0.account_number,a1_0.account_type,a1_0.aud_created_at,a1_0.aud_updated_at,a1_0.client_id_number,a1_0.initial_balance,a1_0.password,a1_0.status from account a1_0
Hibernate: delete from account where id=?
]]></system-out>
  </testcase>
</testsuite>